
----------------------------------
Using stored unhandled routes!.
   To discover new routes in the angular app use "npm run scully -- --scanRoutes"
----------------------------------
No configuration for route "/:slug/**" found. Skipping
No configuration for route "/:slug**" found. Skipping
No configuration for route "/:slug/**" found. Skipping
No configuration for route "/**/post/:postId" found. Skipping
No configuration for route "/:type/post/:postId" found. SkippingNo configuration for route "/:type/**" found. Skipping

No configuration for route "//:postType/:postId" found. SkippingNo configuration for route "/:pageId" found. Skipping

No configuration for route "/:postType/:postId" found. SkippingNo configuration for route "/:pageId" found. Skipping

No configuration for route "/:postType/:postId" found. SkippingNo configuration for route "/:pageId" found. Skipping

No configuration for route "/:postType/:postId" found. Skipping

----------------------------------
Using stored unhandled routes!.
   To discover new routes in the angular app use "npm run scully -- --scanRoutes"
----------------------------------No configuration for route "/:postType/:postId" found. Skipping

No configuration for route "/:postType/:postId" found. SkippingNo configuration for route "/:pageId" found. Skipping


----------------------------------
Using stored unhandled routes!.
   To discover new routes in the angular app use "npm run scully -- --scanRoutes"
----------------------------------No configuration for route "/:postType/:postId" found. Skipping


----------------------------------
Using stored unhandled routes!.
   To discover new routes in the angular app use "npm run scully -- --scanRoutes"
----------------------------------

----------------------------------
Using stored unhandled routes!.
   To discover new routes in the angular app use "npm run scully -- --scanRoutes"
----------------------------------

----------------------------------
Using stored unhandled routes!.
   To discover new routes in the angular app use "npm run scully -- --scanRoutes"
----------------------------------
